Sat Aug 04 2018 16:33:19 GMT+0530 (India Standard Time): GET /bad
Sat Aug 04 2018 16:33:29 GMT+0530 (India Standard Time): GET /home
Sat Aug 04 2018 16:34:19 GMT+0530 (India Standard Time): GET /home
Sat Aug 04 2018 16:34:21 GMT+0530 (India Standard Time): GET /home
Sat Aug 04 2018 16:38:04 GMT+0530 (India Standard Time): GET /home
Sat Aug 04 2018 16:39:33 GMT+0530 (India Standard Time): GET /home
Sat Aug 04 2018 16:39:33 GMT+0530 (India Standard Time): GET /css/hover.css
Sat Aug 04 2018 16:41:25 GMT+0530 (India Standard Time): GET /
Sat Aug 04 2018 16:41:41 GMT+0530 (India Standard Time): GET /home
Sat Aug 04 2018 16:48:10 GMT+0530 (India Standard Time): GET /home
Sat Aug 04 2018 16:48:12 GMT+0530 (India Standard Time): GET /home
Sat Aug 04 2018 16:48:17 GMT+0530 (India Standard Time): GET /home
Sat Aug 04 2018 16:49:52 GMT+0530 (India Standard Time): GET /home
Sat Aug 04 2018 16:49:53 GMT+0530 (India Standard Time): GET /home
Sat Aug 04 2018 16:49:55 GMT+0530 (India Standard Time): GET /home
Sat Aug 04 2018 16:51:59 GMT+0530 (India Standard Time): GET /home
Sat Aug 04 2018 16:51:59 GMT+0530 (India Standard Time): GET /css/hover.css
Mon Aug 06 2018 11:24:12 GMT+0530 (India Standard Time): GET /bad
Mon Aug 06 2018 11:24:12 GMT+0530 (India Standard Time): GET /favicon.ico
Mon Aug 06 2018 11:24:18 GMT+0530 (India Standard Time): GET /home
Mon Aug 06 2018 11:24:18 GMT+0530 (India Standard Time): GET /css/hover.css
Mon Aug 06 2018 11:28:00 GMT+0530 (India Standard Time): GET /home
Mon Aug 06 2018 11:28:00 GMT+0530 (India Standard Time): GET /css/hover.css
Mon Aug 06 2018 11:28:03 GMT+0530 (India Standard Time): GET /home
Mon Aug 06 2018 11:28:03 GMT+0530 (India Standard Time): GET /css/hover.css
Mon Aug 06 2018 11:28:08 GMT+0530 (India Standard Time): GET /
Mon Aug 06 2018 11:28:08 GMT+0530 (India Standard Time): GET /home
Mon Aug 06 2018 11:28:08 GMT+0530 (India Standard Time): GET /css/hover.css
Mon Aug 06 2018 12:08:52 GMT+0530 (India Standard Time): GET /
Mon Aug 06 2018 12:08:52 GMT+0530 (India Standard Time): GET /home
Mon Aug 06 2018 12:08:52 GMT+0530 (India Standard Time): GET /css/hover.css
Mon Aug 06 2018 12:26:15 GMT+0530 (India Standard Time): GET /home
Mon Aug 06 2018 12:28:29 GMT+0530 (India Standard Time): GET /home
Mon Aug 06 2018 12:28:31 GMT+0530 (India Standard Time): GET /home
Mon Aug 06 2018 12:31:49 GMT+0530 (India Standard Time): GET /home
Mon Aug 06 2018 12:33:25 GMT+0530 (India Standard Time): GET /home
Mon Aug 06 2018 12:33:27 GMT+0530 (India Standard Time): GET /home
Mon Aug 06 2018 12:33:30 GMT+0530 (India Standard Time): GET /home
Mon Aug 06 2018 13:44:22 GMT+0530 (India Standard Time): GET /home
Mon Aug 06 2018 13:46:07 GMT+0530 (India Standard Time): GET /home
Mon Aug 06 2018 13:46:08 GMT+0530 (India Standard Time): GET /home
Mon Aug 06 2018 13:56:59 GMT+0530 (India Standard Time): GET /home
Mon Aug 06 2018 13:57:54 GMT+0530 (India Standard Time): GET /home
Mon Aug 06 2018 13:57:58 GMT+0530 (India Standard Time): GET /home
Mon Aug 06 2018 14:02:42 GMT+0530 (India Standard Time): GET /home
Mon Aug 06 2018 14:05:42 GMT+0530 (India Standard Time): GET /home
Mon Aug 06 2018 14:05:45 GMT+0530 (India Standard Time): GET /home
Mon Aug 06 2018 14:06:20 GMT+0530 (India Standard Time): GET /home
Mon Aug 06 2018 14:06:28 GMT+0530 (India Standard Time): GET /home
Mon Aug 06 2018 14:40:38 GMT+0530 (India Standard Time): GET /
Mon Aug 06 2018 14:40:38 GMT+0530 (India Standard Time): GET /home
Mon Aug 06 2018 14:40:38 GMT+0530 (India Standard Time): GET /css/hover.css
Mon Aug 06 2018 14:45:09 GMT+0530 (India Standard Time): GET /home
Mon Aug 06 2018 15:08:36 GMT+0530 (India Standard Time): GET /
Mon Aug 06 2018 15:08:36 GMT+0530 (India Standard Time): GET /home
Mon Aug 06 2018 15:10:22 GMT+0530 (India Standard Time): GET /home
Mon Aug 06 2018 15:10:36 GMT+0530 (India Standard Time): GET /home
Mon Aug 06 2018 15:10:36 GMT+0530 (India Standard Time): GET /css/hover.css
Mon Aug 06 2018 15:11:43 GMT+0530 (India Standard Time): GET /home
Mon Aug 06 2018 15:12:55 GMT+0530 (India Standard Time): GET /home
Mon Aug 06 2018 15:47:55 GMT+0530 (India Standard Time): GET /home
Mon Aug 06 2018 15:48:19 GMT+0530 (India Standard Time): GET /home
Mon Aug 06 2018 15:48:19 GMT+0530 (India Standard Time): GET /css/hover.css
Mon Aug 06 2018 15:49:27 GMT+0530 (India Standard Time): GET /home
Mon Aug 06 2018 15:50:09 GMT+0530 (India Standard Time): GET /home
Mon Aug 06 2018 15:50:10 GMT+0530 (India Standard Time): GET /home
Mon Aug 06 2018 15:50:45 GMT+0530 (India Standard Time): GET /home
Mon Aug 06 2018 18:54:40 GMT+0530 (India Standard Time): GET /home
Mon Aug 06 2018 18:55:50 GMT+0530 (India Standard Time): GET /home
Mon Aug 06 2018 19:08:35 GMT+0530 (India Standard Time): GET /home
Mon Aug 06 2018 19:08:35 GMT+0530 (India Standard Time): GET /css/hover.css
Mon Aug 06 2018 19:08:46 GMT+0530 (India Standard Time): GET /css/hover.css
Mon Aug 06 2018 19:12:03 GMT+0530 (India Standard Time): GET /home
Mon Aug 06 2018 19:12:04 GMT+0530 (India Standard Time): GET /css/hover.css
Mon Aug 06 2018 19:15:04 GMT+0530 (India Standard Time): GET /home
Mon Aug 06 2018 19:15:04 GMT+0530 (India Standard Time): GET /css/hover.css
Mon Aug 06 2018 19:15:06 GMT+0530 (India Standard Time): GET /home
Mon Aug 06 2018 19:15:06 GMT+0530 (India Standard Time): GET /css/hover.css
Mon Aug 06 2018 19:15:43 GMT+0530 (India Standard Time): GET /home
Mon Aug 06 2018 19:15:43 GMT+0530 (India Standard Time): GET /css/hover.css
Mon Aug 06 2018 19:17:16 GMT+0530 (India Standard Time): GET /home
Mon Aug 06 2018 19:17:59 GMT+0530 (India Standard Time): GET /home
Mon Aug 06 2018 19:18:01 GMT+0530 (India Standard Time): GET /home
Mon Aug 06 2018 19:20:11 GMT+0530 (India Standard Time): GET /home
Mon Aug 06 2018 19:20:11 GMT+0530 (India Standard Time): GET /css/hover.css
Mon Aug 06 2018 19:27:23 GMT+0530 (India Standard Time): GET /home
Mon Aug 06 2018 19:27:23 GMT+0530 (India Standard Time): GET /css/hover.css
Mon Aug 06 2018 19:32:44 GMT+0530 (India Standard Time): GET /home
Mon Aug 06 2018 19:32:44 GMT+0530 (India Standard Time): GET /css/hover.css
Mon Aug 06 2018 19:42:39 GMT+0530 (India Standard Time): GET /home
Mon Aug 06 2018 19:42:39 GMT+0530 (India Standard Time): GET /css/hover.css
Mon Aug 06 2018 19:47:49 GMT+0530 (India Standard Time): GET /home
Mon Aug 06 2018 19:47:49 GMT+0530 (India Standard Time): GET /css/hover.css
Mon Aug 06 2018 19:48:36 GMT+0530 (India Standard Time): GET /home
Mon Aug 06 2018 19:48:37 GMT+0530 (India Standard Time): GET /css/hover.css
